01-Oct-2021 19:27:49.692 INFO [main] org.apache.catalina.startup.VersionLoggerListener.log Nombre de la versión del servidor: Apache Tomcat/9.0.53
01-Oct-2021 19:27:49.695 INFO [main] org.apache.catalina.startup.VersionLoggerListener.log Server built:                      Sep 6 2021 19:09:00 UTC
01-Oct-2021 19:27:49.695 INFO [main] org.apache.catalina.startup.VersionLoggerListener.log Número de versión de servidor:     9.0.53.0
01-Oct-2021 19:27:49.695 INFO [main] org.apache.catalina.startup.VersionLoggerListener.log OS Name:                           Mac OS X
01-Oct-2021 19:27:49.695 INFO [main] org.apache.catalina.startup.VersionLoggerListener.log Versión de Systema Operativo:      10.16
01-Oct-2021 19:27:49.695 INFO [main] org.apache.catalina.startup.VersionLoggerListener.log Arquitectura:                      x86_64
01-Oct-2021 19:27:49.695 INFO [main] org.apache.catalina.startup.VersionLoggerListener.log Java Home:                         /Library/Java/JavaVirtualMachines/jdk-16.jdk/Contents/Home
01-Oct-2021 19:27:49.695 INFO [main] org.apache.catalina.startup.VersionLoggerListener.log JVM Version:                       16+36-2231
01-Oct-2021 19:27:49.696 INFO [main] org.apache.catalina.startup.VersionLoggerListener.log Vededor JVM:                       Oracle Corporation
01-Oct-2021 19:27:49.696 INFO [main] org.apache.catalina.startup.VersionLoggerListener.log CATALINA_BASE:                     /Users/pablofernandezsato/Desktop/myTomcat
01-Oct-2021 19:27:49.696 INFO [main] org.apache.catalina.startup.VersionLoggerListener.log CATALINA_HOME:                     /Users/pablofernandezsato/Desktop/myTomcat
01-Oct-2021 19:27:49.706 INFO [main] org.apache.catalina.startup.VersionLoggerListener.log Command line argument:             --add-opens=java.base/java.lang=ALL-UNNAMED
01-Oct-2021 19:27:49.706 INFO [main] org.apache.catalina.startup.VersionLoggerListener.log Command line argument:             --add-opens=java.base/java.io=ALL-UNNAMED
01-Oct-2021 19:27:49.706 INFO [main] org.apache.catalina.startup.VersionLoggerListener.log Command line argument:             --add-opens=java.base/java.util=ALL-UNNAMED
01-Oct-2021 19:27:49.706 INFO [main] org.apache.catalina.startup.VersionLoggerListener.log Command line argument:             --add-opens=java.base/java.util.concurrent=ALL-UNNAMED
01-Oct-2021 19:27:49.706 INFO [main] org.apache.catalina.startup.VersionLoggerListener.log Command line argument:             --add-opens=java.rmi/sun.rmi.transport=ALL-UNNAMED
01-Oct-2021 19:27:49.706 INFO [main] org.apache.catalina.startup.VersionLoggerListener.log Command line argument:             -Djava.util.logging.config.file=/Users/pablofernandezsato/Desktop/myTomcat/conf/logging.properties
01-Oct-2021 19:27:49.706 INFO [main] org.apache.catalina.startup.VersionLoggerListener.log Command line argument:             -Djava.util.logging.manager=org.apache.juli.ClassLoaderLogManager
01-Oct-2021 19:27:49.706 INFO [main] org.apache.catalina.startup.VersionLoggerListener.log Command line argument:             -Djdk.tls.ephemeralDHKeySize=2048
01-Oct-2021 19:27:49.706 INFO [main] org.apache.catalina.startup.VersionLoggerListener.log Command line argument:             -Djava.protocol.handler.pkgs=org.apache.catalina.webresources
01-Oct-2021 19:27:49.706 INFO [main] org.apache.catalina.startup.VersionLoggerListener.log Command line argument:             -Dorg.apache.catalina.security.SecurityListener.UMASK=0027
01-Oct-2021 19:27:49.706 INFO [main] org.apache.catalina.startup.VersionLoggerListener.log Command line argument:             -Dignore.endorsed.dirs=
01-Oct-2021 19:27:49.707 INFO [main] org.apache.catalina.startup.VersionLoggerListener.log Command line argument:             -Dcatalina.base=/Users/pablofernandezsato/Desktop/myTomcat
01-Oct-2021 19:27:49.707 INFO [main] org.apache.catalina.startup.VersionLoggerListener.log Command line argument:             -Dcatalina.home=/Users/pablofernandezsato/Desktop/myTomcat
01-Oct-2021 19:27:49.707 INFO [main] org.apache.catalina.startup.VersionLoggerListener.log Command line argument:             -Djava.io.tmpdir=/Users/pablofernandezsato/Desktop/myTomcat/temp
01-Oct-2021 19:27:49.708 INFO [main] org.apache.catalina.core.AprLifecycleListener.lifecycleEvent La biblioteca nativa de Apache Tomcat basada en ARP que permite un rendimiento óptimo en entornos de desarrollo no ha sido hallada en java.library.path: [/Users/pablofernandezsato/Library/Java/Extensions:/Library/Java/Extensions:/Network/Library/Java/Extensions:/System/Library/Java/Extensions:/usr/lib/java:.]
01-Oct-2021 19:27:49.911 INFO [main] org.apache.coyote.AbstractProtocol.init Inicializando el manejador de protocolo ["http-nio-8080"]

01-Oct-2021 19:27:49.942 INFO [main] org.apache.catalina.startup.Catalina.load Server initialization in [380] milliseconds
01-Oct-2021 19:27:49.973 INFO [main] org.apache.catalina.core.StandardService.startInternal Arrancando servicio [Catalina]
01-Oct-2021 19:27:49.973 INFO [main] org.apache.catalina.core.StandardEngine.startInternal Starting Servlet engine: [Apache Tomcat/9.0.53]
01-Oct-2021 19:27:49.978 INFO [main] org.apache.catalina.startup.HostConfig.deployDirectory Desplegando el directorio [/Users/pablofernandezsato/Desktop/myTomcat/webapps/docs] de la aplicación web
01-Oct-2021 19:27:50.169 INFO [main] org.apache.catalina.startup.HostConfig.deployDirectory Deployment of web application directory [/Users/pablofernandezsato/Desktop/myTomcat/webapps/docs] has finished in [189] ms
01-Oct-2021 19:27:50.169 INFO [main] org.apache.catalina.startup.HostConfig.deployDirectory Desplegando el directorio [/Users/pablofernandezsato/Desktop/myTomcat/webapps/manager] de la aplicación web
01-Oct-2021 19:27:50.208 INFO [main] org.apache.catalina.startup.HostConfig.deployDirectory Deployment of web application directory [/Users/pablofernandezsato/Desktop/myTomcat/webapps/manager] has finished in [38] ms
01-Oct-2021 19:27:50.208 INFO [main] org.apache.catalina.startup.HostConfig.deployDirectory Desplegando el directorio [/Users/pablofernandezsato/Desktop/myTomcat/webapps/examples] de la aplicación web
01-Oct-2021 19:27:50.402 INFO [main] org.apache.catalina.startup.HostConfig.deployDirectory Deployment of web application directory [/Users/pablofernandezsato/Desktop/myTomcat/webapps/examples] has finished in [194] ms
01-Oct-2021 19:27:50.403 INFO [main] org.apache.catalina.startup.HostConfig.deployDirectory Desplegando el directorio [/Users/pablofernandezsato/Desktop/myTomcat/webapps/ROOT] de la aplicación web
01-Oct-2021 19:27:50.416 INFO [main] org.apache.catalina.startup.HostConfig.deployDirectory Deployment of web application directory [/Users/pablofernandezsato/Desktop/myTomcat/webapps/ROOT] has finished in [14] ms
01-Oct-2021 19:27:50.416 INFO [main] org.apache.catalina.startup.HostConfig.deployDirectory Desplegando el directorio [/Users/pablofernandezsato/Desktop/myTomcat/webapps/host-manager] de la aplicación web
01-Oct-2021 19:27:50.431 INFO [main] org.apache.catalina.startup.HostConfig.deployDirectory Deployment of web application directory [/Users/pablofernandezsato/Desktop/myTomcat/webapps/host-manager] has finished in [15] ms
01-Oct-2021 19:27:50.433 INFO [main] org.apache.coyote.AbstractProtocol.start Starting ProtocolHandler ["http-nio-8080"]
01-Oct-2021 19:27:50.446 INFO [main] org.apache.catalina.startup.Catalina.start Server startup in [504] milliseconds
01-Oct-2021 19:30:41.520 INFO [main] org.apache.catalina.core.StandardServer.await Se ha recibido un comando de apagado a través del puerto de apagado. Parando la instancia del Servidor.
01-Oct-2021 19:30:41.521 INFO [main] org.apache.coyote.AbstractProtocol.pause Pausing ProtocolHandler ["http-nio-8080"]
01-Oct-2021 19:30:41.530 INFO [main] org.apache.catalina.core.StandardService.stopInternal Parando servicio [Catalina]
01-Oct-2021 19:30:41.547 INFO [main] org.apache.coyote.AbstractProtocol.stop Stopping ProtocolHandler ["http-nio-8080"]
01-Oct-2021 19:30:41.585 INFO [main] org.apache.coyote.AbstractProtocol.destroy Destroying ProtocolHandler ["http-nio-8080"]
