24-Sep-2021 09:52:24.944 INFO [main] org.apache.catalina.startup.VersionLoggerListener.log Nombre de la versión del servidor: Apache Tomcat/9.0.53
24-Sep-2021 09:52:24.947 INFO [main] org.apache.catalina.startup.VersionLoggerListener.log Server built:                      Sep 6 2021 19:09:00 UTC
24-Sep-2021 09:52:24.947 INFO [main] org.apache.catalina.startup.VersionLoggerListener.log Número de versión de servidor:     9.0.53.0
24-Sep-2021 09:52:24.947 INFO [main] org.apache.catalina.startup.VersionLoggerListener.log OS Name:                           Mac OS X
24-Sep-2021 09:52:24.947 INFO [main] org.apache.catalina.startup.VersionLoggerListener.log Versión de Systema Operativo:      10.16
24-Sep-2021 09:52:24.947 INFO [main] org.apache.catalina.startup.VersionLoggerListener.log Arquitectura:                      x86_64
24-Sep-2021 09:52:24.947 INFO [main] org.apache.catalina.startup.VersionLoggerListener.log Java Home:                         /Library/Java/JavaVirtualMachines/jdk-16.jdk/Contents/Home
24-Sep-2021 09:52:24.947 INFO [main] org.apache.catalina.startup.VersionLoggerListener.log JVM Version:                       16+36-2231
24-Sep-2021 09:52:24.947 INFO [main] org.apache.catalina.startup.VersionLoggerListener.log Vededor JVM:                       Oracle Corporation
24-Sep-2021 09:52:24.948 INFO [main] org.apache.catalina.startup.VersionLoggerListener.log CATALINA_BASE:                     /Users/pablofernandezsato/Desktop/myTomcat
24-Sep-2021 09:52:24.948 INFO [main] org.apache.catalina.startup.VersionLoggerListener.log CATALINA_HOME:                     /Users/pablofernandezsato/Desktop/myTomcat
24-Sep-2021 09:52:24.992 INFO [main] org.apache.catalina.startup.VersionLoggerListener.log Command line argument:             --add-opens=java.base/java.lang=ALL-UNNAMED
24-Sep-2021 09:52:24.992 INFO [main] org.apache.catalina.startup.VersionLoggerListener.log Command line argument:             --add-opens=java.base/java.io=ALL-UNNAMED
24-Sep-2021 09:52:24.992 INFO [main] org.apache.catalina.startup.VersionLoggerListener.log Command line argument:             --add-opens=java.base/java.util=ALL-UNNAMED
24-Sep-2021 09:52:24.992 INFO [main] org.apache.catalina.startup.VersionLoggerListener.log Command line argument:             --add-opens=java.base/java.util.concurrent=ALL-UNNAMED
24-Sep-2021 09:52:24.992 INFO [main] org.apache.catalina.startup.VersionLoggerListener.log Command line argument:             --add-opens=java.rmi/sun.rmi.transport=ALL-UNNAMED
24-Sep-2021 09:52:24.992 INFO [main] org.apache.catalina.startup.VersionLoggerListener.log Command line argument:             -Djava.util.logging.config.file=/Users/pablofernandezsato/Desktop/myTomcat/conf/logging.properties
24-Sep-2021 09:52:24.993 INFO [main] org.apache.catalina.startup.VersionLoggerListener.log Command line argument:             -Djava.util.logging.manager=org.apache.juli.ClassLoaderLogManager
24-Sep-2021 09:52:24.993 INFO [main] org.apache.catalina.startup.VersionLoggerListener.log Command line argument:             -Djdk.tls.ephemeralDHKeySize=2048
24-Sep-2021 09:52:24.993 INFO [main] org.apache.catalina.startup.VersionLoggerListener.log Command line argument:             -Djava.protocol.handler.pkgs=org.apache.catalina.webresources
24-Sep-2021 09:52:24.993 INFO [main] org.apache.catalina.startup.VersionLoggerListener.log Command line argument:             -Dorg.apache.catalina.security.SecurityListener.UMASK=0027
24-Sep-2021 09:52:24.993 INFO [main] org.apache.catalina.startup.VersionLoggerListener.log Command line argument:             -Dignore.endorsed.dirs=
24-Sep-2021 09:52:24.993 INFO [main] org.apache.catalina.startup.VersionLoggerListener.log Command line argument:             -Dcatalina.base=/Users/pablofernandezsato/Desktop/myTomcat
24-Sep-2021 09:52:24.993 INFO [main] org.apache.catalina.startup.VersionLoggerListener.log Command line argument:             -Dcatalina.home=/Users/pablofernandezsato/Desktop/myTomcat
24-Sep-2021 09:52:24.993 INFO [main] org.apache.catalina.startup.VersionLoggerListener.log Command line argument:             -Djava.io.tmpdir=/Users/pablofernandezsato/Desktop/myTomcat/temp
24-Sep-2021 09:52:24.995 INFO [main] org.apache.catalina.core.AprLifecycleListener.lifecycleEvent La biblioteca nativa de Apache Tomcat basada en ARP que permite un rendimiento óptimo en entornos de desarrollo no ha sido hallada en java.library.path: [/Users/pablofernandezsato/Library/Java/Extensions:/Library/Java/Extensions:/Network/Library/Java/Extensions:/System/Library/Java/Extensions:/usr/lib/java:.]
24-Sep-2021 09:52:25.202 INFO [main] org.apache.coyote.AbstractProtocol.init Inicializando el manejador de protocolo ["http-nio-8080"]

24-Sep-2021 09:52:25.234 INFO [main] org.apache.catalina.startup.Catalina.load Server initialization in [450] milliseconds
24-Sep-2021 09:52:25.266 INFO [main] org.apache.catalina.core.StandardService.startInternal Arrancando servicio [Catalina]
24-Sep-2021 09:52:25.266 INFO [main] org.apache.catalina.core.StandardEngine.startInternal Starting Servlet engine: [Apache Tomcat/9.0.53]
24-Sep-2021 09:52:25.271 INFO [main] org.apache.catalina.startup.HostConfig.deployDirectory Desplegando el directorio [/Users/pablofernandezsato/Desktop/myTomcat/webapps/docs] de la aplicación web
24-Sep-2021 09:52:25.468 INFO [main] org.apache.catalina.startup.HostConfig.deployDirectory Deployment of web application directory [/Users/pablofernandezsato/Desktop/myTomcat/webapps/docs] has finished in [196] ms
24-Sep-2021 09:52:25.468 INFO [main] org.apache.catalina.startup.HostConfig.deployDirectory Desplegando el directorio [/Users/pablofernandezsato/Desktop/myTomcat/webapps/manager] de la aplicación web
24-Sep-2021 09:52:25.503 INFO [main] org.apache.catalina.startup.HostConfig.deployDirectory Deployment of web application directory [/Users/pablofernandezsato/Desktop/myTomcat/webapps/manager] has finished in [34] ms
24-Sep-2021 09:52:25.503 INFO [main] org.apache.catalina.startup.HostConfig.deployDirectory Desplegando el directorio [/Users/pablofernandezsato/Desktop/myTomcat/webapps/examples] de la aplicación web
24-Sep-2021 09:52:25.691 INFO [main] org.apache.catalina.startup.HostConfig.deployDirectory Deployment of web application directory [/Users/pablofernandezsato/Desktop/myTomcat/webapps/examples] has finished in [187] ms
24-Sep-2021 09:52:25.691 INFO [main] org.apache.catalina.startup.HostConfig.deployDirectory Desplegando el directorio [/Users/pablofernandezsato/Desktop/myTomcat/webapps/ROOT] de la aplicación web
24-Sep-2021 09:52:25.703 INFO [main] org.apache.catalina.startup.HostConfig.deployDirectory Deployment of web application directory [/Users/pablofernandezsato/Desktop/myTomcat/webapps/ROOT] has finished in [12] ms
24-Sep-2021 09:52:25.703 INFO [main] org.apache.catalina.startup.HostConfig.deployDirectory Desplegando el directorio [/Users/pablofernandezsato/Desktop/myTomcat/webapps/host-manager] de la aplicación web
24-Sep-2021 09:52:25.718 INFO [main] org.apache.catalina.startup.HostConfig.deployDirectory Deployment of web application directory [/Users/pablofernandezsato/Desktop/myTomcat/webapps/host-manager] has finished in [14] ms
24-Sep-2021 09:52:25.720 INFO [main] org.apache.coyote.AbstractProtocol.start Starting ProtocolHandler ["http-nio-8080"]
24-Sep-2021 09:52:25.733 INFO [main] org.apache.catalina.startup.Catalina.start Server startup in [498] milliseconds
24-Sep-2021 10:35:49.209 INFO [main] org.apache.catalina.core.StandardServer.await Se ha recibido un comando de apagado a través del puerto de apagado. Parando la instancia del Servidor.
24-Sep-2021 10:35:49.209 INFO [main] org.apache.coyote.AbstractProtocol.pause Pausing ProtocolHandler ["http-nio-8080"]
24-Sep-2021 10:35:49.219 INFO [main] org.apache.catalina.core.StandardService.stopInternal Parando servicio [Catalina]
24-Sep-2021 10:35:49.238 INFO [main] org.apache.coyote.AbstractProtocol.stop Stopping ProtocolHandler ["http-nio-8080"]
24-Sep-2021 10:35:49.269 INFO [main] org.apache.coyote.AbstractProtocol.destroy Destroying ProtocolHandler ["http-nio-8080"]
