18-Sep-2021 10:13:33.164 INFO [main] org.apache.catalina.startup.VersionLoggerListener.log Nombre de la versión del servidor: Apache Tomcat/9.0.53
18-Sep-2021 10:13:33.166 INFO [main] org.apache.catalina.startup.VersionLoggerListener.log Server built:                      Sep 6 2021 19:09:00 UTC
18-Sep-2021 10:13:33.166 INFO [main] org.apache.catalina.startup.VersionLoggerListener.log Número de versión de servidor:     9.0.53.0
18-Sep-2021 10:13:33.167 INFO [main] org.apache.catalina.startup.VersionLoggerListener.log OS Name:                           Mac OS X
18-Sep-2021 10:13:33.167 INFO [main] org.apache.catalina.startup.VersionLoggerListener.log Versión de Systema Operativo:      11.4
18-Sep-2021 10:13:33.167 INFO [main] org.apache.catalina.startup.VersionLoggerListener.log Arquitectura:                      x86_64
18-Sep-2021 10:13:33.167 INFO [main] org.apache.catalina.startup.VersionLoggerListener.log Java Home:                         /Library/Java/JavaVirtualMachines/jdk-11.0.12.jdk/Contents/Home
18-Sep-2021 10:13:33.167 INFO [main] org.apache.catalina.startup.VersionLoggerListener.log JVM Version:                       11.0.12+8-LTS-237
18-Sep-2021 10:13:33.167 INFO [main] org.apache.catalina.startup.VersionLoggerListener.log Vededor JVM:                       Oracle Corporation
18-Sep-2021 10:13:33.167 INFO [main] org.apache.catalina.startup.VersionLoggerListener.log CATALINA_BASE:                     /Users/pablofernandezsato/Desktop/myTomcat
18-Sep-2021 10:13:33.167 INFO [main] org.apache.catalina.startup.VersionLoggerListener.log CATALINA_HOME:                     /Users/pablofernandezsato/Desktop/myTomcat
18-Sep-2021 10:13:33.213 INFO [main] org.apache.catalina.startup.VersionLoggerListener.log Command line argument:             --add-opens=java.base/java.lang=ALL-UNNAMED
18-Sep-2021 10:13:33.214 INFO [main] org.apache.catalina.startup.VersionLoggerListener.log Command line argument:             --add-opens=java.base/java.io=ALL-UNNAMED
18-Sep-2021 10:13:33.214 INFO [main] org.apache.catalina.startup.VersionLoggerListener.log Command line argument:             --add-opens=java.base/java.util=ALL-UNNAMED
18-Sep-2021 10:13:33.214 INFO [main] org.apache.catalina.startup.VersionLoggerListener.log Command line argument:             --add-opens=java.base/java.util.concurrent=ALL-UNNAMED
18-Sep-2021 10:13:33.214 INFO [main] org.apache.catalina.startup.VersionLoggerListener.log Command line argument:             --add-opens=java.rmi/sun.rmi.transport=ALL-UNNAMED
18-Sep-2021 10:13:33.214 INFO [main] org.apache.catalina.startup.VersionLoggerListener.log Command line argument:             -Djava.util.logging.config.file=/Users/pablofernandezsato/Desktop/myTomcat/conf/logging.properties
18-Sep-2021 10:13:33.214 INFO [main] org.apache.catalina.startup.VersionLoggerListener.log Command line argument:             -Djava.util.logging.manager=org.apache.juli.ClassLoaderLogManager
18-Sep-2021 10:13:33.214 INFO [main] org.apache.catalina.startup.VersionLoggerListener.log Command line argument:             -Djdk.tls.ephemeralDHKeySize=2048
18-Sep-2021 10:13:33.214 INFO [main] org.apache.catalina.startup.VersionLoggerListener.log Command line argument:             -Djava.protocol.handler.pkgs=org.apache.catalina.webresources
18-Sep-2021 10:13:33.214 INFO [main] org.apache.catalina.startup.VersionLoggerListener.log Command line argument:             -Dorg.apache.catalina.security.SecurityListener.UMASK=0027
18-Sep-2021 10:13:33.214 INFO [main] org.apache.catalina.startup.VersionLoggerListener.log Command line argument:             -Dignore.endorsed.dirs=
18-Sep-2021 10:13:33.214 INFO [main] org.apache.catalina.startup.VersionLoggerListener.log Command line argument:             -Dcatalina.base=/Users/pablofernandezsato/Desktop/myTomcat
18-Sep-2021 10:13:33.215 INFO [main] org.apache.catalina.startup.VersionLoggerListener.log Command line argument:             -Dcatalina.home=/Users/pablofernandezsato/Desktop/myTomcat
18-Sep-2021 10:13:33.215 INFO [main] org.apache.catalina.startup.VersionLoggerListener.log Command line argument:             -Djava.io.tmpdir=/Users/pablofernandezsato/Desktop/myTomcat/temp
18-Sep-2021 10:13:33.217 INFO [main] org.apache.catalina.core.AprLifecycleListener.lifecycleEvent La biblioteca nativa de Apache Tomcat basada en ARP que permite un rendimiento óptimo en entornos de desarrollo no ha sido hallada en java.library.path: [/Users/pablofernandezsato/Library/Java/Extensions:/Library/Java/Extensions:/Network/Library/Java/Extensions:/System/Library/Java/Extensions:/usr/lib/java:.]
18-Sep-2021 10:13:33.468 INFO [main] org.apache.coyote.AbstractProtocol.init Inicializando el manejador de protocolo ["http-nio-8080"]

18-Sep-2021 10:13:33.515 INFO [main] org.apache.catalina.startup.Catalina.load Server initialization in [537] milliseconds
18-Sep-2021 10:13:33.563 INFO [main] org.apache.catalina.core.StandardService.startInternal Arrancando servicio [Catalina]
18-Sep-2021 10:13:33.564 INFO [main] org.apache.catalina.core.StandardEngine.startInternal Starting Servlet engine: [Apache Tomcat/9.0.53]
18-Sep-2021 10:13:33.571 INFO [main] org.apache.catalina.startup.HostConfig.deployDirectory Desplegando el directorio [/Users/pablofernandezsato/Desktop/myTomcat/webapps/docs] de la aplicación web
18-Sep-2021 10:13:33.785 INFO [main] org.apache.catalina.startup.HostConfig.deployDirectory Deployment of web application directory [/Users/pablofernandezsato/Desktop/myTomcat/webapps/docs] has finished in [211] ms
18-Sep-2021 10:13:33.785 INFO [main] org.apache.catalina.startup.HostConfig.deployDirectory Desplegando el directorio [/Users/pablofernandezsato/Desktop/myTomcat/webapps/manager] de la aplicación web
18-Sep-2021 10:13:33.810 INFO [main] org.apache.catalina.startup.HostConfig.deployDirectory Deployment of web application directory [/Users/pablofernandezsato/Desktop/myTomcat/webapps/manager] has finished in [25] ms
18-Sep-2021 10:13:33.810 INFO [main] org.apache.catalina.startup.HostConfig.deployDirectory Desplegando el directorio [/Users/pablofernandezsato/Desktop/myTomcat/webapps/examples] de la aplicación web
18-Sep-2021 10:13:33.973 INFO [main] org.apache.catalina.startup.HostConfig.deployDirectory Deployment of web application directory [/Users/pablofernandezsato/Desktop/myTomcat/webapps/examples] has finished in [163] ms
18-Sep-2021 10:13:33.973 INFO [main] org.apache.catalina.startup.HostConfig.deployDirectory Desplegando el directorio [/Users/pablofernandezsato/Desktop/myTomcat/webapps/ROOT] de la aplicación web
18-Sep-2021 10:13:33.985 INFO [main] org.apache.catalina.startup.HostConfig.deployDirectory Deployment of web application directory [/Users/pablofernandezsato/Desktop/myTomcat/webapps/ROOT] has finished in [12] ms
18-Sep-2021 10:13:33.985 INFO [main] org.apache.catalina.startup.HostConfig.deployDirectory Desplegando el directorio [/Users/pablofernandezsato/Desktop/myTomcat/webapps/host-manager] de la aplicación web
18-Sep-2021 10:13:34.000 INFO [main] org.apache.catalina.startup.HostConfig.deployDirectory Deployment of web application directory [/Users/pablofernandezsato/Desktop/myTomcat/webapps/host-manager] has finished in [15] ms
18-Sep-2021 10:13:34.003 INFO [main] org.apache.coyote.AbstractProtocol.start Starting ProtocolHandler ["http-nio-8080"]
18-Sep-2021 10:13:34.014 INFO [main] org.apache.catalina.startup.Catalina.start Server startup in [498] milliseconds
18-Sep-2021 11:00:16.148 INFO [Thread-2] org.apache.coyote.AbstractProtocol.pause Pausing ProtocolHandler ["http-nio-8080"]
18-Sep-2021 11:00:16.151 INFO [Thread-2] org.apache.catalina.core.StandardService.stopInternal Parando servicio [Catalina]
18-Sep-2021 11:00:16.171 INFO [Thread-2] org.apache.coyote.AbstractProtocol.stop Stopping ProtocolHandler ["http-nio-8080"]
18-Sep-2021 11:00:16.210 INFO [Thread-2] org.apache.coyote.AbstractProtocol.destroy Destroying ProtocolHandler ["http-nio-8080"]
18-Sep-2021 12:00:54.005 INFO [main] org.apache.catalina.startup.VersionLoggerListener.log Nombre de la versión del servidor: Apache Tomcat/9.0.53
18-Sep-2021 12:00:54.008 INFO [main] org.apache.catalina.startup.VersionLoggerListener.log Server built:                      Sep 6 2021 19:09:00 UTC
18-Sep-2021 12:00:54.008 INFO [main] org.apache.catalina.startup.VersionLoggerListener.log Número de versión de servidor:     9.0.53.0
18-Sep-2021 12:00:54.008 INFO [main] org.apache.catalina.startup.VersionLoggerListener.log OS Name:                           Mac OS X
18-Sep-2021 12:00:54.008 INFO [main] org.apache.catalina.startup.VersionLoggerListener.log Versión de Systema Operativo:      10.16
18-Sep-2021 12:00:54.008 INFO [main] org.apache.catalina.startup.VersionLoggerListener.log Arquitectura:                      x86_64
18-Sep-2021 12:00:54.008 INFO [main] org.apache.catalina.startup.VersionLoggerListener.log Java Home:                         /Library/Java/JavaVirtualMachines/jdk-16.jdk/Contents/Home
18-Sep-2021 12:00:54.008 INFO [main] org.apache.catalina.startup.VersionLoggerListener.log JVM Version:                       16+36-2231
18-Sep-2021 12:00:54.008 INFO [main] org.apache.catalina.startup.VersionLoggerListener.log Vededor JVM:                       Oracle Corporation
18-Sep-2021 12:00:54.008 INFO [main] org.apache.catalina.startup.VersionLoggerListener.log CATALINA_BASE:                     /Users/pablofernandezsato/Desktop/myTomcat
18-Sep-2021 12:00:54.008 INFO [main] org.apache.catalina.startup.VersionLoggerListener.log CATALINA_HOME:                     /Users/pablofernandezsato/Desktop/myTomcat
18-Sep-2021 12:00:54.053 INFO [main] org.apache.catalina.startup.VersionLoggerListener.log Command line argument:             --add-opens=java.base/java.lang=ALL-UNNAMED
18-Sep-2021 12:00:54.053 INFO [main] org.apache.catalina.startup.VersionLoggerListener.log Command line argument:             --add-opens=java.base/java.io=ALL-UNNAMED
18-Sep-2021 12:00:54.053 INFO [main] org.apache.catalina.startup.VersionLoggerListener.log Command line argument:             --add-opens=java.base/java.util=ALL-UNNAMED
18-Sep-2021 12:00:54.054 INFO [main] org.apache.catalina.startup.VersionLoggerListener.log Command line argument:             --add-opens=java.base/java.util.concurrent=ALL-UNNAMED
18-Sep-2021 12:00:54.054 INFO [main] org.apache.catalina.startup.VersionLoggerListener.log Command line argument:             --add-opens=java.rmi/sun.rmi.transport=ALL-UNNAMED
18-Sep-2021 12:00:54.054 INFO [main] org.apache.catalina.startup.VersionLoggerListener.log Command line argument:             -Djava.util.logging.config.file=/Users/pablofernandezsato/desktop/myTomcat/conf/logging.properties
18-Sep-2021 12:00:54.054 INFO [main] org.apache.catalina.startup.VersionLoggerListener.log Command line argument:             -Djava.util.logging.manager=org.apache.juli.ClassLoaderLogManager
18-Sep-2021 12:00:54.054 INFO [main] org.apache.catalina.startup.VersionLoggerListener.log Command line argument:             -Djdk.tls.ephemeralDHKeySize=2048
18-Sep-2021 12:00:54.054 INFO [main] org.apache.catalina.startup.VersionLoggerListener.log Command line argument:             -Djava.protocol.handler.pkgs=org.apache.catalina.webresources
18-Sep-2021 12:00:54.054 INFO [main] org.apache.catalina.startup.VersionLoggerListener.log Command line argument:             -Dorg.apache.catalina.security.SecurityListener.UMASK=0027
18-Sep-2021 12:00:54.054 INFO [main] org.apache.catalina.startup.VersionLoggerListener.log Command line argument:             -Dignore.endorsed.dirs=
18-Sep-2021 12:00:54.054 INFO [main] org.apache.catalina.startup.VersionLoggerListener.log Command line argument:             -Dcatalina.base=/Users/pablofernandezsato/desktop/myTomcat
18-Sep-2021 12:00:54.054 INFO [main] org.apache.catalina.startup.VersionLoggerListener.log Command line argument:             -Dcatalina.home=/Users/pablofernandezsato/desktop/myTomcat
18-Sep-2021 12:00:54.054 INFO [main] org.apache.catalina.startup.VersionLoggerListener.log Command line argument:             -Djava.io.tmpdir=/Users/pablofernandezsato/desktop/myTomcat/temp
18-Sep-2021 12:00:54.056 INFO [main] org.apache.catalina.core.AprLifecycleListener.lifecycleEvent La biblioteca nativa de Apache Tomcat basada en ARP que permite un rendimiento óptimo en entornos de desarrollo no ha sido hallada en java.library.path: [/Users/pablofernandezsato/Library/Java/Extensions:/Library/Java/Extensions:/Network/Library/Java/Extensions:/System/Library/Java/Extensions:/usr/lib/java:.]
18-Sep-2021 12:00:54.263 INFO [main] org.apache.coyote.AbstractProtocol.init Inicializando el manejador de protocolo ["http-nio-8080"]

18-Sep-2021 12:00:54.296 INFO [main] org.apache.catalina.startup.Catalina.load Server initialization in [446] milliseconds
18-Sep-2021 12:00:54.328 INFO [main] org.apache.catalina.core.StandardService.startInternal Arrancando servicio [Catalina]
18-Sep-2021 12:00:54.328 INFO [main] org.apache.catalina.core.StandardEngine.startInternal Starting Servlet engine: [Apache Tomcat/9.0.53]
18-Sep-2021 12:00:54.333 INFO [main] org.apache.catalina.startup.HostConfig.deployDirectory Desplegando el directorio [/Users/pablofernandezsato/Desktop/myTomcat/webapps/docs] de la aplicación web
18-Sep-2021 12:00:54.521 INFO [main] org.apache.catalina.startup.HostConfig.deployDirectory Deployment of web application directory [/Users/pablofernandezsato/Desktop/myTomcat/webapps/docs] has finished in [187] ms
18-Sep-2021 12:00:54.521 INFO [main] org.apache.catalina.startup.HostConfig.deployDirectory Desplegando el directorio [/Users/pablofernandezsato/Desktop/myTomcat/webapps/manager] de la aplicación web
18-Sep-2021 12:00:54.555 INFO [main] org.apache.catalina.startup.HostConfig.deployDirectory Deployment of web application directory [/Users/pablofernandezsato/Desktop/myTomcat/webapps/manager] has finished in [34] ms
18-Sep-2021 12:00:54.555 INFO [main] org.apache.catalina.startup.HostConfig.deployDirectory Desplegando el directorio [/Users/pablofernandezsato/Desktop/myTomcat/webapps/examples] de la aplicación web
18-Sep-2021 12:00:54.750 INFO [main] org.apache.catalina.startup.HostConfig.deployDirectory Deployment of web application directory [/Users/pablofernandezsato/Desktop/myTomcat/webapps/examples] has finished in [195] ms
18-Sep-2021 12:00:54.750 INFO [main] org.apache.catalina.startup.HostConfig.deployDirectory Desplegando el directorio [/Users/pablofernandezsato/Desktop/myTomcat/webapps/ROOT] de la aplicación web
18-Sep-2021 12:00:54.766 INFO [main] org.apache.catalina.startup.HostConfig.deployDirectory Deployment of web application directory [/Users/pablofernandezsato/Desktop/myTomcat/webapps/ROOT] has finished in [15] ms
18-Sep-2021 12:00:54.766 INFO [main] org.apache.catalina.startup.HostConfig.deployDirectory Desplegando el directorio [/Users/pablofernandezsato/Desktop/myTomcat/webapps/host-manager] de la aplicación web
18-Sep-2021 12:00:54.781 INFO [main] org.apache.catalina.startup.HostConfig.deployDirectory Deployment of web application directory [/Users/pablofernandezsato/Desktop/myTomcat/webapps/host-manager] has finished in [15] ms
18-Sep-2021 12:00:54.783 INFO [main] org.apache.coyote.AbstractProtocol.start Starting ProtocolHandler ["http-nio-8080"]
18-Sep-2021 12:00:54.797 INFO [main] org.apache.catalina.startup.Catalina.start Server startup in [500] milliseconds
18-Sep-2021 12:10:17.389 INFO [Thread-2] org.apache.coyote.AbstractProtocol.pause Pausing ProtocolHandler ["http-nio-8080"]
18-Sep-2021 12:10:17.398 INFO [Thread-2] org.apache.catalina.core.StandardService.stopInternal Parando servicio [Catalina]
18-Sep-2021 12:10:17.415 INFO [Thread-2] org.apache.coyote.AbstractProtocol.stop Stopping ProtocolHandler ["http-nio-8080"]
18-Sep-2021 12:10:17.459 INFO [Thread-2] org.apache.coyote.AbstractProtocol.destroy Destroying ProtocolHandler ["http-nio-8080"]
