19-Sep-2021 10:57:05.126 INFO [main] org.apache.catalina.startup.VersionLoggerListener.log Nombre de la versión del servidor: Apache Tomcat/9.0.53
19-Sep-2021 10:57:05.129 INFO [main] org.apache.catalina.startup.VersionLoggerListener.log Server built:                      Sep 6 2021 19:09:00 UTC
19-Sep-2021 10:57:05.129 INFO [main] org.apache.catalina.startup.VersionLoggerListener.log Número de versión de servidor:     9.0.53.0
19-Sep-2021 10:57:05.129 INFO [main] org.apache.catalina.startup.VersionLoggerListener.log OS Name:                           Mac OS X
19-Sep-2021 10:57:05.129 INFO [main] org.apache.catalina.startup.VersionLoggerListener.log Versión de Systema Operativo:      11.4
19-Sep-2021 10:57:05.129 INFO [main] org.apache.catalina.startup.VersionLoggerListener.log Arquitectura:                      x86_64
19-Sep-2021 10:57:05.130 INFO [main] org.apache.catalina.startup.VersionLoggerListener.log Java Home:                         /Library/Java/JavaVirtualMachines/jdk-11.0.12.jdk/Contents/Home
19-Sep-2021 10:57:05.130 INFO [main] org.apache.catalina.startup.VersionLoggerListener.log JVM Version:                       11.0.12+8-LTS-237
19-Sep-2021 10:57:05.130 INFO [main] org.apache.catalina.startup.VersionLoggerListener.log Vededor JVM:                       Oracle Corporation
19-Sep-2021 10:57:05.130 INFO [main] org.apache.catalina.startup.VersionLoggerListener.log CATALINA_BASE:                     /Users/pablofernandezsato/Desktop/myTomcat
19-Sep-2021 10:57:05.130 INFO [main] org.apache.catalina.startup.VersionLoggerListener.log CATALINA_HOME:                     /Users/pablofernandezsato/Desktop/myTomcat
19-Sep-2021 10:57:05.174 INFO [main] org.apache.catalina.startup.VersionLoggerListener.log Command line argument:             --add-opens=java.base/java.lang=ALL-UNNAMED
19-Sep-2021 10:57:05.174 INFO [main] org.apache.catalina.startup.VersionLoggerListener.log Command line argument:             --add-opens=java.base/java.io=ALL-UNNAMED
19-Sep-2021 10:57:05.174 INFO [main] org.apache.catalina.startup.VersionLoggerListener.log Command line argument:             --add-opens=java.base/java.util=ALL-UNNAMED
19-Sep-2021 10:57:05.174 INFO [main] org.apache.catalina.startup.VersionLoggerListener.log Command line argument:             --add-opens=java.base/java.util.concurrent=ALL-UNNAMED
19-Sep-2021 10:57:05.174 INFO [main] org.apache.catalina.startup.VersionLoggerListener.log Command line argument:             --add-opens=java.rmi/sun.rmi.transport=ALL-UNNAMED
19-Sep-2021 10:57:05.174 INFO [main] org.apache.catalina.startup.VersionLoggerListener.log Command line argument:             -Djava.util.logging.config.file=/Users/pablofernandezsato/desktop/myTomcat/conf/logging.properties
19-Sep-2021 10:57:05.174 INFO [main] org.apache.catalina.startup.VersionLoggerListener.log Command line argument:             -Djava.util.logging.manager=org.apache.juli.ClassLoaderLogManager
19-Sep-2021 10:57:05.174 INFO [main] org.apache.catalina.startup.VersionLoggerListener.log Command line argument:             -Djdk.tls.ephemeralDHKeySize=2048
19-Sep-2021 10:57:05.175 INFO [main] org.apache.catalina.startup.VersionLoggerListener.log Command line argument:             -Djava.protocol.handler.pkgs=org.apache.catalina.webresources
19-Sep-2021 10:57:05.175 INFO [main] org.apache.catalina.startup.VersionLoggerListener.log Command line argument:             -Dorg.apache.catalina.security.SecurityListener.UMASK=0027
19-Sep-2021 10:57:05.175 INFO [main] org.apache.catalina.startup.VersionLoggerListener.log Command line argument:             -Dignore.endorsed.dirs=
19-Sep-2021 10:57:05.175 INFO [main] org.apache.catalina.startup.VersionLoggerListener.log Command line argument:             -Dcatalina.base=/Users/pablofernandezsato/desktop/myTomcat
19-Sep-2021 10:57:05.175 INFO [main] org.apache.catalina.startup.VersionLoggerListener.log Command line argument:             -Dcatalina.home=/Users/pablofernandezsato/desktop/myTomcat
19-Sep-2021 10:57:05.175 INFO [main] org.apache.catalina.startup.VersionLoggerListener.log Command line argument:             -Djava.io.tmpdir=/Users/pablofernandezsato/desktop/myTomcat/temp
19-Sep-2021 10:57:05.177 INFO [main] org.apache.catalina.core.AprLifecycleListener.lifecycleEvent La biblioteca nativa de Apache Tomcat basada en ARP que permite un rendimiento óptimo en entornos de desarrollo no ha sido hallada en java.library.path: [/Users/pablofernandezsato/Library/Java/Extensions:/Library/Java/Extensions:/Network/Library/Java/Extensions:/System/Library/Java/Extensions:/usr/lib/java:.]
19-Sep-2021 10:57:05.437 INFO [main] org.apache.coyote.AbstractProtocol.init Inicializando el manejador de protocolo ["http-nio-8080"]

19-Sep-2021 10:57:05.488 INFO [main] org.apache.catalina.startup.Catalina.load Server initialization in [578] milliseconds
19-Sep-2021 10:57:05.538 INFO [main] org.apache.catalina.core.StandardService.startInternal Arrancando servicio [Catalina]
19-Sep-2021 10:57:05.538 INFO [main] org.apache.catalina.core.StandardEngine.startInternal Starting Servlet engine: [Apache Tomcat/9.0.53]
19-Sep-2021 10:57:05.545 INFO [main] org.apache.catalina.startup.HostConfig.deployDirectory Desplegando el directorio [/Users/pablofernandezsato/Desktop/myTomcat/webapps/docs] de la aplicación web
19-Sep-2021 10:57:05.778 INFO [main] org.apache.catalina.startup.HostConfig.deployDirectory Deployment of web application directory [/Users/pablofernandezsato/Desktop/myTomcat/webapps/docs] has finished in [231] ms
19-Sep-2021 10:57:05.779 INFO [main] org.apache.catalina.startup.HostConfig.deployDirectory Desplegando el directorio [/Users/pablofernandezsato/Desktop/myTomcat/webapps/manager] de la aplicación web
19-Sep-2021 10:57:05.806 INFO [main] org.apache.catalina.startup.HostConfig.deployDirectory Deployment of web application directory [/Users/pablofernandezsato/Desktop/myTomcat/webapps/manager] has finished in [27] ms
19-Sep-2021 10:57:05.806 INFO [main] org.apache.catalina.startup.HostConfig.deployDirectory Desplegando el directorio [/Users/pablofernandezsato/Desktop/myTomcat/webapps/examples] de la aplicación web
19-Sep-2021 10:57:05.997 INFO [main] org.apache.catalina.startup.HostConfig.deployDirectory Deployment of web application directory [/Users/pablofernandezsato/Desktop/myTomcat/webapps/examples] has finished in [191] ms
19-Sep-2021 10:57:05.997 INFO [main] org.apache.catalina.startup.HostConfig.deployDirectory Desplegando el directorio [/Users/pablofernandezsato/Desktop/myTomcat/webapps/ROOT] de la aplicación web
19-Sep-2021 10:57:06.009 INFO [main] org.apache.catalina.startup.HostConfig.deployDirectory Deployment of web application directory [/Users/pablofernandezsato/Desktop/myTomcat/webapps/ROOT] has finished in [12] ms
19-Sep-2021 10:57:06.009 INFO [main] org.apache.catalina.startup.HostConfig.deployDirectory Desplegando el directorio [/Users/pablofernandezsato/Desktop/myTomcat/webapps/host-manager] de la aplicación web
19-Sep-2021 10:57:06.023 INFO [main] org.apache.catalina.startup.HostConfig.deployDirectory Deployment of web application directory [/Users/pablofernandezsato/Desktop/myTomcat/webapps/host-manager] has finished in [14] ms
19-Sep-2021 10:57:06.027 INFO [main] org.apache.coyote.AbstractProtocol.start Starting ProtocolHandler ["http-nio-8080"]
19-Sep-2021 10:57:06.038 INFO [main] org.apache.catalina.startup.Catalina.start Server startup in [550] milliseconds
19-Sep-2021 12:15:33.749 INFO [Thread-2] org.apache.coyote.AbstractProtocol.pause Pausing ProtocolHandler ["http-nio-8080"]
19-Sep-2021 12:15:33.758 INFO [Thread-2] org.apache.catalina.core.StandardService.stopInternal Parando servicio [Catalina]
19-Sep-2021 12:15:33.777 INFO [Thread-2] org.apache.coyote.AbstractProtocol.stop Stopping ProtocolHandler ["http-nio-8080"]
19-Sep-2021 12:15:33.814 INFO [Thread-2] org.apache.coyote.AbstractProtocol.destroy Destroying ProtocolHandler ["http-nio-8080"]
